<?xml version="1.0" encoding="UTF-8"?>
<testng-results ignored="0" total="2" passed="2" failed="0" skipped="0">
  <reporter-output>
  </reporter-output>
  <suite started-at="2025-09-20T20:14:55 IST" name="Suite" finished-at="2025-09-20T20:15:30 IST" duration-ms="35341">
    <groups>
    </groups>
    <test started-at="2025-09-20T20:14:55 IST" name="ChromTest" finished-at="2025-09-20T20:15:19 IST" duration-ms="24487">
      <class name="com.automationDemo.automationdemo1.TestCase">
        <test-method is-config="true" signature="setup()[pri:0, instance:com.automationDemo.automationdemo1.TestCase@38afe297]" started-at="2025-09-20T20:14:55 IST" name="setup" finished-at="2025-09-20T20:15:00 IST" duration-ms="5424" status="PASS">
          <reporter-output>
          </reporter-output>
        </test-method> <!-- setup -->
        <test-method signature="loginTest()[pri:0, instance:com.automationDemo.automationdemo1.TestCase@38afe297]" started-at="2025-09-20T20:15:00 IST" name="loginTest" finished-at="2025-09-20T20:15:19 IST" duration-ms="18832" status="PASS">
          <reporter-output>
          </reporter-output>
        </test-method> <!-- loginTest -->
        <test-method is-config="true" signature="tearDown()[pri:0, instance:com.automationDemo.automationdemo1.TestCase@38afe297]" started-at="2025-09-20T20:15:19 IST" name="tearDown" finished-at="2025-09-20T20:15:19 IST" duration-ms="167" status="PASS">
          <reporter-output>
          </reporter-output>
        </test-method> <!-- tearDown -->
      </class> <!-- com.automationDemo.automationdemo1.TestCase -->
    </test> <!-- ChromTest -->
    <test started-at="2025-09-20T20:15:19 IST" name="FirefoxTest" finished-at="2025-09-20T20:15:30 IST" duration-ms="10813">
      <class name="com.automationDemo.automationdemo1.TestCase">
        <test-method is-config="true" signature="setup()[pri:0, instance:com.automationDemo.automationdemo1.TestCase@32910148]" started-at="2025-09-20T20:15:19 IST" name="setup" finished-at="2025-09-20T20:15:20 IST" duration-ms="1098" status="PASS">
          <reporter-output>
          </reporter-output>
        </test-method> <!-- setup -->
        <test-method signature="loginTest()[pri:0, instance:com.automationDemo.automationdemo1.TestCase@32910148]" started-at="2025-09-20T20:15:20 IST" name="loginTest" finished-at="2025-09-20T20:15:30 IST" duration-ms="9511" status="PASS">
          <reporter-output>
          </reporter-output>
        </test-method> <!-- loginTest -->
        <test-method is-config="true" signature="tearDown()[pri:0, instance:com.automationDemo.automationdemo1.TestCase@32910148]" started-at="2025-09-20T20:15:30 IST" name="tearDown" finished-at="2025-09-20T20:15:30 IST" duration-ms="198" status="PASS">
          <reporter-output>
          </reporter-output>
        </test-method> <!-- tearDown -->
      </class> <!-- com.automationDemo.automationdemo1.TestCase -->
    </test> <!-- FirefoxTest -->
  </suite> <!-- Suite -->
</testng-results>
